#
# There is insufficient memory for the Java Runtime Environment to continue.
# Native memory allocation (malloc) failed to allocate 100139008 bytes for committing reserved memory.
# Possible reasons:
#   The system is out of physical RAM or swap space
#   In 32 bit mode, the process size limit was hit
# Possible solutions:
#   Reduce memory load on the system
#   Increase physical memory or swap space
#   Check if swap backing store is full
#   Use 64 bit Java on a 64 bit OS
#   Decrease Java heap size (-Xmx/-Xms)
#   Decrease number of Java threads
#   Decrease Java thread stack sizes (-Xss)
#   Set larger code cache with -XX:ReservedCodeCacheSize=
# This output file may be truncated or incomplete.
#
#  Out of Memory Error (os_linux.cpp:2726), pid=26073, tid=140610647279360
#
# JRE version: Java(TM) SE Runtime Environment (7.0_51-b13) (build 1.7.0_51-b13)
# Java VM: Java HotSpot(TM) 64-Bit Server VM (24.51-b03 mixed mode linux-amd64 compressed oops)
# Failed to write core dump. Core dumps have been disabled. To enable core dumping, try "ulimit -c unlimited" before starting Java again
#

---------------  T H R E A D  ---------------

Current thread (0x00007fe264006000):  JavaThread "pool-1-thread-1" [_thread_in_vm, id=26116, stack(0x00007fe2779ec000,0x00007fe277aed000)]

Stack: [0x00007fe2779ec000,0x00007fe277aed000],  sp=0x00007fe277aeacb0,  free space=1019k
Native frames: (J=compiled Java code, j=interpreted, Vv=VM code, C=native code)
V  [libjvm.so+0x992f4a]  VMError::report_and_die()+0x2ea
V  [libjvm.so+0x4931ab]  report_vm_out_of_memory(char const*, int, unsigned long, char const*)+0x9b
V  [libjvm.so+0x81338e]  os::Linux::commit_memory_impl(char*, unsigned long, bool)+0xfe
V  [libjvm.so+0x81383f]  os::Linux::commit_memory_impl(char*, unsigned long, unsigned long, bool)+0x4f
V  [libjvm.so+0x813a2c]  os::pd_commit_memory(char*, unsigned long, unsigned long, bool)+0xc
V  [libjvm.so+0x80daea]  os::commit_memory(char*, unsigned long, unsigned long, bool)+0x2a
V  [libjvm.so+0x87fcd3]  PSVirtualSpace::expand_by(unsigned long)+0x53
V  [libjvm.so+0x86f2e0]  PSOldGen::expand(unsigned long)+0x170
V  [libjvm.so+0x86f59a]  PSOldGen::expand_and_allocate(unsigned long)+0x1a
V  [libjvm.so+0x86f6bb]  PSOldGen::allocate(unsigned long)+0xcb
V  [libjvm.so+0x834971]  ParallelScavengeHeap::mem_allocate(unsigned long, bool*)+0xf1
V  [libjvm.so+0x96368f]  typeArrayKlass::allocate_common(int, bool, Thread*)+0x2ff
V  [libjvm.so+0x5f0bac]  InterpreterRuntime::newarray(JavaThread*, BasicType, int)+0x2c
j  org.apache.hadoop.mapred.MapTask$MapOutputBuffer.<init>(Lorg/apache/hadoop/mapred/MapTask;Lorg/apache/hadoop/mapred/TaskUmbilicalProtocol;Lorg/apache/hadoop/mapred/JobConf;Lorg/apache/hadoop/mapred/Task$TaskReporter;)V+415
j  org.apache.hadoop.mapred.MapTask$NewOutputCollector.<init>(Lorg/apache/hadoop/mapred/MapTask;Lorg/apache/hadoop/mapreduce/JobContext;Lorg/apache/hadoop/mapred/JobConf;Lorg/apache/hadoop/mapred/TaskUmbilicalProtocol;Lorg/apache/hadoop/mapred/Task$TaskReporter;)V+20
j  org.apache.hadoop.mapred.MapTask.runNewMapper(Lorg/apache/hadoop/mapred/JobConf;Lorg/apache/hadoop/mapreduce/split/JobSplit$TaskSplitIndex;Lorg/apache/hadoop/mapred/TaskUmbilicalProtocol;Lorg/apache/hadoop/mapred/Task$TaskReporter;)V+231
j  org.apache.hadoop.mapred.MapTask.run(Lorg/apache/hadoop/mapred/JobConf;Lorg/apache/hadoop/mapred/TaskUmbilicalProtocol;)V+100
j  org.apache.hadoop.mapred.LocalJobRunner$Job$MapTaskRunnable.run()V+221
j  java.util.concurrent.Executors$RunnableAdapter.call()Ljava/lang/Object;+4
j  java.util.concurrent.FutureTask.run()V+42
j  java.util.concurrent.ThreadPoolExecutor.runWorker(Ljava/util/concurrent/ThreadPoolExecutor$Worker;)V+95
j  java.util.concurrent.ThreadPoolExecutor$Worker.run()V+5
j  java.lang.Thread.run()V+11
v  ~StubRoutines::call_stub
V  [libjvm.so+0x5f8465]  JavaCalls::call_helper(JavaValue*, methodHandle*, JavaCallArguments*, Thread*)+0x365
V  [libjvm.so+0x5f6ec8]  JavaCalls::call(JavaValue*, methodHandle, JavaCallArguments*, Thread*)+0x28
V  [libjvm.so+0x5f7197]  JavaCalls::call_virtual(JavaValue*, KlassHandle, Symbol*, Symbol*, JavaCallArguments*, Thread*)+0x197
V  [libjvm.so+0x5f72b7]  JavaCalls::call_virtual(JavaValue*, Handle, KlassHandle, Symbol*, Symbol*, Thread*)+0x47
V  [libjvm.so+0x6731c5]  thread_entry(JavaThread*, Thread*)+0xe5
V  [libjvm.so+0x94d5ff]  JavaThread::thread_main_inner()+0xdf
V  [libjvm.so+0x94d705]  JavaThread::run()+0xf5
V  [libjvm.so+0x815538]  java_start(Thread*)+0x108

Java frames: (J=compiled Java code, j=interpreted, Vv=VM code)
j  org.apache.hadoop.mapred.MapTask$MapOutputBuffer.<init>(Lorg/apache/hadoop/mapred/MapTask;Lorg/apache/hadoop/mapred/TaskUmbilicalProtocol;Lorg/apache/hadoop/mapred/JobConf;Lorg/apache/hadoop/mapred/Task$TaskReporter;)V+415
j  org.apache.hadoop.mapred.MapTask$NewOutputCollector.<init>(Lorg/apache/hadoop/mapred/MapTask;Lorg/apache/hadoop/mapreduce/JobContext;Lorg/apache/hadoop/mapred/JobConf;Lorg/apache/hadoop/mapred/TaskUmbilicalProtocol;Lorg/apache/hadoop/mapred/Task$TaskReporter;)V+20
j  org.apache.hadoop.mapred.MapTask.runNewMapper(Lorg/apache/hadoop/mapred/JobConf;Lorg/apache/hadoop/mapreduce/split/JobSplit$TaskSplitIndex;Lorg/apache/hadoop/mapred/TaskUmbilicalProtocol;Lorg/apache/hadoop/mapred/Task$TaskReporter;)V+231
j  org.apache.hadoop.mapred.MapTask.run(Lorg/apache/hadoop/mapred/JobConf;Lorg/apache/hadoop/mapred/TaskUmbilicalProtocol;)V+100
j  org.apache.hadoop.mapred.LocalJobRunner$Job$MapTaskRunnable.run()V+221
j  java.util.concurrent.Executors$RunnableAdapter.call()Ljava/lang/Object;+4
j  java.util.concurrent.FutureTask.run()V+42
j  java.util.concurrent.ThreadPoolExecutor.runWorker(Ljava/util/concurrent/ThreadPoolExecutor$Worker;)V+95
j  java.util.concurrent.ThreadPoolExecutor$Worker.run()V+5
j  java.lang.Thread.run()V+11
v  ~StubRoutines::call_stub

---------------  P R O C E S S  ---------------

Java Threads: ( => current thread )
  0x00007fe26800c800 JavaThread "communication thread" daemon [_thread_blocked, id=26164, stack(0x00007fe2777ea000,0x00007fe2778eb000)]
  0x00007fe268032800 JavaThread "communication thread" daemon [_thread_blocked, id=26158, stack(0x00007fe2778eb000,0x00007fe2779ec000)]
  0x00007fe268017000 JavaThread "process reaper" daemon [_thread_blocked, id=26119, stack(0x00007fe2a403a000,0x00007fe2a4073000)]
=>0x00007fe264006000 JavaThread "pool-1-thread-1" [_thread_in_vm, id=26116, stack(0x00007fe2779ec000,0x00007fe277aed000)]
  0x00007fe27014e000 JavaThread "Thread-4" [_thread_blocked, id=26115, stack(0x00007fe277aed000,0x00007fe277bee000)]
  0x00007fe27020a000 JavaThread "IPC Client (47) connection to localhost/127.0.0.1:9000 from areshero" daemon [_thread_blocked, id=26114, stack(0x00007fe2a407e000,0x00007fe2a417f000)]
  0x00007fe2b0163000 JavaThread "Thread-0" [_thread_blocked, id=26113, stack(0x00007fe2a44c5000,0x00007fe2a45c6000)]
  0x00007fe2b0098800 JavaThread "Service Thread" daemon [_thread_blocked, id=26089, stack(0x00007fe2a4ade000,0x00007fe2a4bdf000)]
  0x00007fe2b0096000 JavaThread "C2 CompilerThread1" daemon [_thread_blocked, id=26088, stack(0x00007fe2a4bdf000,0x00007fe2a4ce0000)]
  0x00007fe2b0093000 JavaThread "C2 CompilerThread0" daemon [_thread_blocked, id=26087, stack(0x00007fe2a4ce0000,0x00007fe2a4de1000)]
  0x00007fe2b0089000 JavaThread "Signal Dispatcher" daemon [_thread_blocked, id=26086, stack(0x00007fe2a4de1000,0x00007fe2a4ee2000)]
  0x00007fe2b0072800 JavaThread "Finalizer" daemon [_thread_blocked, id=26085, stack(0x00007fe2a55c4000,0x00007fe2a56c5000)]
  0x00007fe2b006e800 JavaThread "Reference Handler" daemon [_thread_blocked, id=26084, stack(0x00007fe2a56c5000,0x00007fe2a57c6000)]
  0x00007fe2b000c800 JavaThread "main" [_thread_blocked, id=26075, stack(0x00007fe2b71ec000,0x00007fe2b72ed000)]

Other Threads:
  0x00007fe2b006c000 VMThread [stack: 0x00007fe2a57c6000,0x00007fe2a58c7000] [id=26083]
  0x00007fe2b00a3000 WatcherThread [stack: 0x00007fe2a49dd000,0x00007fe2a4ade000] [id=26090]

VM state:not at safepoint (normal execution)

VM Mutex/Monitor currently owned by a thread:  ([mutex/lock_event])
[0x00007fe2b0008620] ExpandHeap_lock - owner thread: 0x00007fe264006000
[0x00007fe2b00091a0] Heap_lock - owner thread: 0x00007fe264006000

Heap
 PSYoungGen      total 194560K, used 109941K [0x00000000ec680000, 0x00000000f9000000, 0x0000000100000000)
  eden space 186880K, 55% used [0x00000000ec680000,0x00000000f2c95478,0x00000000f7d00000)
  from space 7680K, 70% used [0x00000000f8880000,0x00000000f8dc8020,0x00000000f9000000)
  to   space 9728K, 0% used [0x00000000f7d00000,0x00000000f7d00000,0x00000000f8680000)
 ParOldGen       total 531968K, used 490622K [0x00000000c5400000, 0x00000000e5b80000, 0x00000000ec680000)
  object space 531968K, 92% used [0x00000000c5400000,0x00000000e331faf8,0x00000000e5b80000)
 PSPermGen       total 26624K, used 11720K [0x00000000c0200000, 0x00000000c1c00000, 0x00000000c5400000)
  object space 26624K, 44% used [0x00000000c0200000,0x00000000c0d72378,0x00000000c1c00000)

Card table byte_map: [0x00007fe2b42e5000,0x00007fe2b44e5000] byte_map_base: 0x00007fe2b3ce4000

Polling page: 0x00007fe2b7306000

Code Cache  [0x00007fe2ad000000, 0x00007fe2ad270000, 0x00007fe2b0000000)
 total_blobs=570 nmethods=234 adapters=290 free_code_cache=48097Kb largest_free_block=49224128

Compilation events (10 events):
Event: 8.277 Thread 0x00007fe2b0093000  233             java.net.URI$Parser::at (20 bytes)
Event: 8.278 Thread 0x00007fe2b0093000 nmethod 233 0x00007fe2ad0fc5d0 code [0x00007fe2ad0fc720, 0x00007fe2ad0fc7f8]
Event: 8.287 Thread 0x00007fe2b0096000  234             java.util.Hashtable$Entry::clone (41 bytes)
Event: 8.291 Thread 0x00007fe2b0096000 nmethod 234 0x00007fe2ad10ac90 code [0x00007fe2ad10ae00, 0x00007fe2ad10b068]
Event: 8.345 Thread 0x00007fe2b0093000  235             java.util.StringTokenizer::scanToken (179 bytes)
Event: 8.351 Thread 0x00007fe2b0093000 nmethod 235 0x00007fe2ad108910 code [0x00007fe2ad108ae0, 0x00007fe2ad108e80]
Event: 8.484 Thread 0x00007fe2b0096000  236             java.util.regex.Pattern$GroupTail::match (111 bytes)
Event: 8.489 Thread 0x00007fe2b0096000 nmethod 236 0x00007fe2ad10bed0 code [0x00007fe2ad10c080, 0x00007fe2ad10c528]
Event: 8.649 Thread 0x00007fe2b0093000  237             java.lang.StringBuilder::append (8 bytes)
Event: 8.653 Thread 0x00007fe2b0093000 nmethod 237 0x00007fe2ad10b810 code [0x00007fe2ad10b960, 0x00007fe2ad10bc78]

GC Heap History (10 events):
Event: 7.844 GC heap before
{Heap before GC invocations=8 (full 1):
 PSYoungGen      total 72192K, used 37665K [0x00000000ec680000, 0x00000000f1780000, 0x0000000100000000)
  eden space 61440K, 61% used [0x00000000ec680000,0x00000000eeb48408,0x00000000f0280000)
  from space 10752K, 0% used [0x00000000f0d00000,0x00000000f0d00000,0x00000000f1780000)
  to   space 10752K, 0% used [0x00000000f0280000,0x00000000f0280000,0x00000000f0d00000)
 ParOldGen       total 641536K, used 587357K [0x00000000c5400000, 0x00000000ec680000, 0x00000000ec680000)
  object space 641536K, 91% used [0x00000000c5400000,0x00000000e91975c0,0x00000000ec680000)
 PSPermGen       total 23552K, used 11666K [0x00000000c0200000, 0x00000000c1900000, 0x00000000c5400000)
  object space 23552K, 49% used [0x00000000c0200000,0x00000000c0d648c0,0x00000000c1900000)
Event: 7.853 GC heap after
Heap after GC invocations=8 (full 1):
 PSYoungGen      total 72192K, used 5749K [0x00000000ec680000, 0x00000000f5100000, 0x0000000100000000)
  eden space 61440K, 0% used [0x00000000ec680000,0x00000000ec680000,0x00000000f0280000)
  from space 10752K, 53% used [0x00000000f0280000,0x00000000f081d730,0x00000000f0d00000)
  to   space 10752K, 0% used [0x00000000f4680000,0x00000000f4680000,0x00000000f5100000)
 ParOldGen       total 641536K, used 587357K [0x00000000c5400000, 0x00000000ec680000, 0x00000000ec680000)
  object space 641536K, 91% used [0x00000000c5400000,0x00000000e91975c0,0x00000000ec680000)
 PSPermGen       total 23552K, used 11666K [0x00000000c0200000, 0x00000000c1900000, 0x00000000c5400000)
  object space 23552K, 49% used [0x00000000c0200000,0x00000000c0d648c0,0x00000000c1900000)
}
Event: 7.853 GC heap before
{Heap before GC invocations=9 (full 1):
 PSYoungGen      total 72192K, used 5749K [0x00000000ec680000, 0x00000000f5100000, 0x0000000100000000)
  eden space 61440K, 0% used [0x00000000ec680000,0x00000000ec680000,0x00000000f0280000)
  from space 10752K, 53% used [0x00000000f0280000,0x00000000f081d730,0x00000000f0d00000)
  to   space 10752K, 0% used [0x00000000f4680000,0x00000000f4680000,0x00000000f5100000)
 ParOldGen       total 641536K, used 587357K [0x00000000c5400000, 0x00000000ec680000, 0x00000000ec680000)
  object space 641536K, 91% used [0x00000000c5400000,0x00000000e91975c0,0x00000000ec680000)
 PSPermGen       total 23552K, used 11666K [0x00000000c0200000, 0x00000000c1900000, 0x00000000c5400000)
  object space 23552K, 49% used [0x00000000c0200000,0x00000000c0d648c0,0x00000000c1900000)
Event: 7.863 GC heap after
Heap after GC invocations=9 (full 1):
 PSYoungGen      total 131584K, used 5749K [0x00000000ec680000, 0x00000000f5180000, 0x0000000100000000)
  eden space 120832K, 0% used [0x00000000ec680000,0x00000000ec680000,0x00000000f3c80000)
  from space 10752K, 53% used [0x00000000f4680000,0x00000000f4c1d730,0x00000000f5100000)
  to   space 10240K, 0% used [0x00000000f3c80000,0x00000000f3c80000,0x00000000f4680000)
 ParOldGen       total 641536K, used 587357K [0x00000000c5400000, 0x00000000ec680000, 0x00000000ec680000)
  object space 641536K, 91% used [0x00000000c5400000,0x00000000e91975c0,0x00000000ec680000)
 PSPermGen       total 23552K, used 11666K [0x00000000c0200000, 0x00000000c1900000, 0x00000000c5400000)
  object space 23552K, 49% used [0x00000000c0200000,0x00000000c0d648c0,0x00000000c1900000)
}
Event: 7.863 GC heap before
{Heap before GC invocations=10 (full 2):
 PSYoungGen      total 131584K, used 5749K [0x00000000ec680000, 0x00000000f5180000, 0x0000000100000000)
  eden space 120832K, 0% used [0x00000000ec680000,0x00000000ec680000,0x00000000f3c80000)
  from space 10752K, 53% used [0x00000000f4680000,0x00000000f4c1d730,0x00000000f5100000)
  to   space 10240K, 0% used [0x00000000f3c80000,0x00000000f3c80000,0x00000000f4680000)
 ParOldGen       total 641536K, used 587357K [0x00000000c5400000, 0x00000000ec680000, 0x00000000ec680000)
  object space 641536K, 91% used [0x00000000c5400000,0x00000000e91975c0,0x00000000ec680000)
 PSPermGen       total 23552K, used 11666K [0x00000000c0200000, 0x00000000c1900000, 0x00000000c5400000)
  object space 23552K, 49% used [0x00000000c0200000,0x00000000c0d648c0,0x00000000c1900000)
Event: 7.940 GC heap after
Heap after GC invocations=10 (full 2):
 PSYoungGen      total 131584K, used 0K [0x00000000ec680000, 0x00000000f5180000, 0x0000000100000000)
  eden space 120832K, 0% used [0x00000000ec680000,0x00000000ec680000,0x00000000f3c80000)
  from space 10752K, 0% used [0x00000000f4680000,0x00000000f4680000,0x00000000f5100000)
  to   space 10240K, 0% used [0x00000000f3c80000,0x00000000f3c80000,0x00000000f4680000)
 ParOldGen       total 43008K, used 4222K [0x00000000c5400000, 0x00000000c7e00000, 0x00000000ec680000)
  object space 43008K, 9% used [0x00000000c5400000,0x00000000c581faa8,0x00000000c7e00000)
 PSPermGen       total 26624K, used 11666K [0x00000000c0200000, 0x00000000c1c00000, 0x00000000c5400000)
  object space 26624K, 43% used [0x00000000c0200000,0x00000000c0d64880,0x00000000c1c00000)
}
Event: 8.249 GC heap before
{Heap before GC invocations=11 (full 2):
 PSYoungGen      total 131584K, used 119209K [0x00000000ec680000, 0x00000000f5180000, 0x0000000100000000)
  eden space 120832K, 98% used [0x00000000ec680000,0x00000000f3aea6a0,0x00000000f3c80000)
  from space 10752K, 0% used [0x00000000f4680000,0x00000000f4680000,0x00000000f5100000)
  to   space 10240K, 0% used [0x00000000f3c80000,0x00000000f3c80000,0x00000000f4680000)
 ParOldGen       total 336384K, used 296062K [0x00000000c5400000, 0x00000000d9c80000, 0x00000000ec680000)
  object space 336384K, 88% used [0x00000000c5400000,0x00000000d751fad8,0x00000000d9c80000)
 PSPermGen       total 26624K, used 11696K [0x00000000c0200000, 0x00000000c1c00000, 0x00000000c5400000)
  object space 26624K, 43% used [0x00000000c0200000,0x00000000c0d6c008,0x00000000c1c00000)
Event: 8.256 GC heap after
Heap after GC invocations=11 (full 2):
 PSYoungGen      total 131072K, used 6656K [0x00000000ec680000, 0x00000000f9280000, 0x0000000100000000)
  eden space 120832K, 0% used [0x00000000ec680000,0x00000000ec680000,0x00000000f3c80000)
  from space 10240K, 65% used [0x00000000f3c80000,0x00000000f4300030,0x00000000f4680000)
  to   space 10240K, 0% used [0x00000000f8880000,0x00000000f8880000,0x00000000f9280000)
 ParOldGen       total 336384K, used 296062K [0x00000000c5400000, 0x00000000d9c80000, 0x00000000ec680000)
  object space 336384K, 88% used [0x00000000c5400000,0x00000000d751fad8,0x00000000d9c80000)
 PSPermGen       total 26624K, used 11696K [0x00000000c0200000, 0x00000000c1c00000, 0x00000000c5400000)
  object space 26624K, 43% used [0x00000000c0200000,0x00000000c0d6c008,0x00000000c1c00000)
}
Event: 8.575 GC heap before
{Heap before GC invocations=12 (full 2):
 PSYoungGen      total 131072K, used 127488K [0x00000000ec680000, 0x00000000f9280000, 0x0000000100000000)
  eden space 120832K, 100% used [0x00000000ec680000,0x00000000f3c80000,0x00000000f3c80000)
  from space 10240K, 65% used [0x00000000f3c80000,0x00000000f4300030,0x00000000f4680000)
  to   space 10240K, 0% used [0x00000000f8880000,0x00000000f8880000,0x00000000f9280000)
 ParOldGen       total 531968K, used 490622K [0x00000000c5400000, 0x00000000e5b80000, 0x00000000ec680000)
  object space 531968K, 92% used [0x00000000c5400000,0x00000000e331faf8,0x00000000e5b80000)
 PSPermGen       total 26624K, used 11714K [0x00000000c0200000, 0x00000000c1c00000, 0x00000000c5400000)
  object space 26624K, 43% used [0x00000000c0200000,0x00000000c0d70870,0x00000000c1c00000)
Event: 8.581 GC heap after
Heap after GC invocations=12 (full 2):
 PSYoungGen      total 194560K, used 5408K [0x00000000ec680000, 0x00000000f9000000, 0x0000000100000000)
  eden space 186880K, 0% used [0x00000000ec680000,0x00000000ec680000,0x00000000f7d00000)
  from space 7680K, 70% used [0x00000000f8880000,0x00000000f8dc8020,0x00000000f9000000)
  to   space 9728K, 0% used [0x00000000f7d00000,0x00000000f7d00000,0x00000000f8680000)
 ParOldGen       total 531968K, used 490622K [0x00000000c5400000, 0x00000000e5b80000, 0x00000000ec680000)
  object space 531968K, 92% used [0x00000000c5400000,0x00000000e331faf8,0x00000000e5b80000)
 PSPermGen       total 26624K, used 11714K [0x00000000c0200000, 0x00000000c1c00000, 0x00000000c5400000)
  object space 26624K, 43% used [0x00000000c0200000,0x00000000c0d70870,0x00000000c1c00000)
}

Deoptimization events (9 events):
Event: 3.751 Thread 0x00007fe2b000c800 Uncommon trap: reason=unreached action=reinterpret pc=0x00007fe2ad065e90 method=java.lang.String.equals(Ljava/lang/Object;)Z @ 2
Event: 4.243 Thread 0x00007fe2b0163000 Uncommon trap: reason=predicate action=maybe_recompile pc=0x00007fe2ad062c54 method=java.util.LinkedList.indexOf(Ljava/lang/Object;)I @ 47
Event: 4.701 Thread 0x00007fe2b0163000 Uncommon trap: reason=class_check action=maybe_recompile pc=0x00007fe2ad0bda18 method=java.io.DataOutputStream.writeUTF(Ljava/lang/String;Ljava/io/DataOutput;)I @ 111
Event: 5.075 Thread 0x00007fe2b0163000 Uncommon trap: reason=class_check action=maybe_recompile pc=0x00007fe2ad07ee60 method=java.util.Properties$LineReader.readLine()I @ 62
Event: 5.075 Thread 0x00007fe2b0163000 Uncommon trap: reason=class_check action=maybe_recompile pc=0x00007fe2ad07ee60 method=java.util.Properties$LineReader.readLine()I @ 62
Event: 5.079 Thread 0x00007fe2b0163000 Uncommon trap: reason=class_check action=maybe_recompile pc=0x00007fe2ad07ee60 method=java.util.Properties$LineReader.readLine()I @ 62
Event: 5.098 Thread 0x00007fe2b0163000 Uncommon trap: reason=class_check action=maybe_recompile pc=0x00007fe2ad07ee60 method=java.util.Properties$LineReader.readLine()I @ 62
Event: 5.548 Thread 0x00007fe2b0163000 Uncommon trap: reason=class_check action=maybe_recompile pc=0x00007fe2ad0d6790 method=org.apache.hadoop.conf.Configuration.loadResource(Ljava/util/Properties;Ljava/lang/Object;Z)V @ 147
Event: 5.995 Thread 0x00007fe264006000 Uncommon trap: reason=unreached action=reinterpret pc=0x00007fe2ad0c1430 method=java.util.TreeMap.getEntry(Ljava/lang/Object;)Ljava/util/TreeMap$Entry; @ 4

Internal exceptions (10 events):
Event: 6.266 Thread 0x00007fe2b000c800 Threw 0x00000000ecf8f1f8 at /HUDSON/workspace/7u-2-build-linux-amd64@2/jdk7u51/527/hotspot/src/share/vm/prims/jni.cpp:717
Event: 6.864 Thread 0x00007fe2b000c800 Threw 0x00000000edb1eb98 at /HUDSON/workspace/7u-2-build-linux-amd64@2/jdk7u51/527/hotspot/src/share/vm/prims/jni.cpp:717
Event: 6.977 Thread 0x00007fe2b0163000 Threw 0x00000000edb3af60 at /HUDSON/workspace/7u-2-build-linux-amd64@2/jdk7u51/527/hotspot/src/share/vm/prims/jvm.cpp:1244
Event: 6.978 Thread 0x00007fe2b0163000 Threw 0x00000000edb42d08 at /HUDSON/workspace/7u-2-build-linux-amd64@2/jdk7u51/527/hotspot/src/share/vm/prims/jvm.cpp:1244
Event: 7.365 Thread 0x00007fe2b000c800 Threw 0x00000000ecbfa348 at /HUDSON/workspace/7u-2-build-linux-amd64@2/jdk7u51/527/hotspot/src/share/vm/prims/jni.cpp:717
Event: 7.940 Thread 0x00007fe2b000c800 Threw 0x00000000f25801c8 at /HUDSON/workspace/7u-2-build-linux-amd64@2/jdk7u51/527/hotspot/src/share/vm/prims/jni.cpp:717
Event: 8.429 Thread 0x00007fe264006000 Threw 0x00000000f35beee0 at /HUDSON/workspace/7u-2-build-linux-amd64@2/jdk7u51/527/hotspot/src/share/vm/prims/jni.cpp:717
Event: 8.429 Thread 0x00007fe264006000 Threw 0x00000000f35bf800 at /HUDSON/workspace/7u-2-build-linux-amd64@2/jdk7u51/527/hotspot/src/share/vm/prims/jvm.cpp:1244
Event: 8.441 Thread 0x00007fe2b000c800 Threw 0x00000000f35f4e28 at /HUDSON/workspace/7u-2-build-linux-amd64@2/jdk7u51/527/hotspot/src/share/vm/prims/jni.cpp:717
Event: 8.484 Thread 0x00007fe264006000 Threw 0x00000000f35c4f10 at /HUDSON/workspace/7u-2-build-linux-amd64@2/jdk7u51/527/hotspot/src/share/vm/prims/jvm.cpp:1244

Events (10 events):
Event: 8.581 Executing VM operation: ParallelGCFailedAllocation done
Event: 8.583 Thread 0x00007fe26800c800 Thread added: 0x00007fe26800c800
Event: 8.613 Thread 0x00007fe26803f000 Thread added: 0x00007fe26803f000
Event: 8.640 Executing VM operation: BulkRevokeBias
Event: 8.640 Executing VM operation: BulkRevokeBias done
Event: 8.640 Thread 0x00007fe26803f000 Thread exited: 0x00007fe26803f000
Event: 8.644 Executing VM operation: RevokeBias
Event: 8.645 Executing VM operation: RevokeBias done
Event: 8.645 Thread 0x00007fe26800c800 Thread exited: 0x00007fe26800c800
Event: 8.651 Thread 0x00007fe26800c800 Thread added: 0x00007fe26800c800


Dynamic libraries:
00400000-00401000 r-xp 00000000 08:03 920274                             /home/areshero/java/jdk1.7.0_51/bin/java
00600000-00601000 rw-p 00000000 08:03 920274                             /home/areshero/java/jdk1.7.0_51/bin/java
009ac000-009cd000 rw-p 00000000 00:00 0                                  [heap]
c0200000-c1c00000 rw-p 00000000 00:00 0 
c1c00000-c5400000 rw-p 00000000 00:00 0 
c5400000-e5b80000 rw-p 00000000 00:00 0 
ebb00000-ec680000 ---p 00000000 00:00 0 
ec680000-f9000000 rw-p 00000000 00:00 0 
f9000000-f9280000 ---p 00000000 00:00 0 
f9280000-100000000 rw-p 00000000 00:00 0 
7fe254000000-7fe254021000 rw-p 00000000 00:00 0 
7fe254021000-7fe258000000 ---p 00000000 00:00 0 
7fe258000000-7fe258021000 rw-p 00000000 00:00 0 
7fe258021000-7fe25c000000 ---p 00000000 00:00 0 
7fe25c000000-7fe25c021000 rw-p 00000000 00:00 0 
7fe25c021000-7fe260000000 ---p 00000000 00:00 0 
7fe260000000-7fe260021000 rw-p 00000000 00:00 0 
7fe260021000-7fe264000000 ---p 00000000 00:00 0 
7fe264000000-7fe264021000 rw-p 00000000 00:00 0 
7fe264021000-7fe268000000 ---p 00000000 00:00 0 
7fe268000000-7fe26811f000 rw-p 00000000 00:00 0 
7fe26811f000-7fe26c000000 ---p 00000000 00:00 0 
7fe26c000000-7fe26c021000 rw-p 00000000 00:00 0 
7fe26c021000-7fe270000000 ---p 00000000 00:00 0 
7fe270000000-7fe270326000 rw-p 00000000 00:00 0 
7fe270326000-7fe274000000 ---p 00000000 00:00 0 
7fe27757e000-7fe2776e9000 rw-p 00000000 00:00 0 
7fe2776e9000-7fe2776ec000 ---p 00000000 00:00 0 
7fe2776ec000-7fe2777ea000 rw-p 00000000 00:00 0 
7fe2777ea000-7fe2777ed000 ---p 00000000 00:00 0 
7fe2777ed000-7fe2778eb000 rw-p 00000000 00:00 0                          [stack:26164]
7fe2778eb000-7fe2778ee000 ---p 00000000 00:00 0 
7fe2778ee000-7fe2779ec000 rw-p 00000000 00:00 0                          [stack:26158]
7fe2779ec000-7fe2779ef000 ---p 00000000 00:00 0 
7fe2779ef000-7fe277aed000 rw-p 00000000 00:00 0                          [stack:26116]
7fe277aed000-7fe277af0000 ---p 00000000 00:00 0 
7fe277af0000-7fe277bee000 rw-p 00000000 00:00 0                          [stack:26115]
7fe277bee000-7fe277bfe000 r-xp 00000000 08:03 1185891                    /home/areshero/java/jdk1.7.0_51/jre/lib/amd64/libnio.so
7fe277bfe000-7fe277dfe000 ---p 00010000 08:03 1185891                    /home/areshero/java/jdk1.7.0_51/jre/lib/amd64/libnio.so
7fe277dfe000-7fe277dff000 rw-p 00010000 08:03 1185891                    /home/areshero/java/jdk1.7.0_51/jre/lib/amd64/libnio.so
7fe277dff000-7fe277e00000 r-xp 00000000 08:03 1185928                    /home/areshero/java/jdk1.7.0_51/jre/lib/amd64/libjaas_unix.so
7fe277e00000-7fe277fff000 ---p 00001000 08:03 1185928                    /home/areshero/java/jdk1.7.0_51/jre/lib/amd64/libjaas_unix.so
7fe277fff000-7fe278000000 rw-p 00000000 08:03 1185928                    /home/areshero/java/jdk1.7.0_51/jre/lib/amd64/libjaas_unix.so
7fe278000000-7fe278021000 rw-p 00000000 00:00 0 
7fe278021000-7fe27c000000 ---p 00000000 00:00 0 
7fe27c000000-7fe27c021000 rw-p 00000000 00:00 0 
7fe27c021000-7fe280000000 ---p 00000000 00:00 0 
7fe280000000-7fe28070c000 rw-p 00000000 00:00 0 
7fe28070c000-7fe284000000 ---p 00000000 00:00 0 
7fe284000000-7fe284d1d000 rw-p 00000000 00:00 0 
7fe284d1d000-7fe288000000 ---p 00000000 00:00 0 
7fe288000000-7fe288021000 rw-p 00000000 00:00 0 
7fe288021000-7fe28c000000 ---p 00000000 00:00 0 
7fe28c000000-7fe28c021000 rw-p 00000000 00:00 0 
7fe28c021000-7fe290000000 ---p 00000000 00:00 0 
7fe290000000-7fe290021000 rw-p 00000000 00:00 0 
7fe290021000-7fe294000000 ---p 00000000 00:00 0 
7fe294000000-7fe294021000 rw-p 00000000 00:00 0 
7fe294021000-7fe298000000 ---p 00000000 00:00 0 
7fe298000000-7fe298021000 rw-p 00000000 00:00 0 
7fe298021000-7fe29c000000 ---p 00000000 00:00 0 
7fe29c000000-7fe29c021000 rw-p 00000000 00:00 0 
7fe29c021000-7fe2a0000000 ---p 00000000 00:00 0 
7fe2a0000000-7fe2a0021000 rw-p 00000000 00:00 0 
7fe2a0021000-7fe2a4000000 ---p 00000000 00:00 0 
7fe2a4039000-7fe2a403a000 rw-p 00000000 00:00 0 
7fe2a403a000-7fe2a403d000 ---p 00000000 00:00 0 
7fe2a403d000-7fe2a4073000 rw-p 00000000 00:00 0                          [stack:26119]
7fe2a4073000-7fe2a407e000 r--s 0037c000 08:03 1185861                    /home/areshero/java/jdk1.7.0_51/jre/lib/charsets.jar
7fe2a407e000-7fe2a4081000 ---p 00000000 00:00 0 
7fe2a4081000-7fe2a417f000 rw-p 00000000 00:00 0                          [stack:26114]
7fe2a417f000-7fe2a4182000 r--s 00037000 08:03 1974506                    /home/areshero/java/jdk1.7.0_51/jre/lib/ext/sunpkcs11.jar
7fe2a4182000-7fe2a4183000 r--s 00003000 08:03 1974509                    /home/areshero/java/jdk1.7.0_51/jre/lib/ext/sunec.jar
7fe2a4183000-7fe2a4187000 r--s 0008a000 08:03 1185877                    /home/areshero/java/jdk1.7.0_51/jre/lib/jsse.jar
7fe2a4187000-7fe2a418b000 r--s 000f7000 08:03 1974508                    /home/areshero/java/jdk1.7.0_51/jre/lib/ext/localedata.jar
7fe2a418b000-7fe2a418d000 r--s 00019000 08:03 1185955                    /home/areshero/java/jdk1.7.0_51/jre/lib/jce.jar
7fe2a418d000-7fe2a4194000 r--s 00000000 08:03 4984431                    /usr/lib/x86_64-linux-gnu/gconv/gconv-modules.cache
7fe2a4194000-7fe2a41a9000 r--p 00000000 08:03 4994200                    /usr/share/locale-langpack/zh_CN/LC_MESSAGES/libc.mo
7fe2a41a9000-7fe2a41b1000 r-xp 00000000 08:03 1185930                    /home/areshero/java/jdk1.7.0_51/jre/lib/amd64/libmanagement.so
7fe2a41b1000-7fe2a43b0000 ---p 00008000 08:03 1185930                    /home/areshero/java/jdk1.7.0_51/jre/lib/amd64/libmanagement.so
7fe2a43b0000-7fe2a43b1000 rw-p 00007000 08:03 1185930                    /home/areshero/java/jdk1.7.0_51/jre/lib/amd64/libmanagement.so
7fe2a43b1000-7fe2a43bb000 r--s 00250000 08:03 1185882                    /home/areshero/java/jdk1.7.0_51/jre/lib/resources.jar
7fe2a43bb000-7fe2a43c8000 r--s 00097000 08:03 795219                     /home/areshero/mavenrepository/org/codehaus/jackson/jackson-mapper-asl/1.8.8/jackson-mapper-asl-1.8.8.jar
7fe2a43c8000-7fe2a43eb000 r--s 00344000 08:03 1180918                    /home/areshero/mavenrepository/org/eclipse/jdt/core/3.1.1/core-3.1.1.jar
7fe2a43eb000-7fe2a43ed000 r--s 0000e000 08:03 1180690                    /home/areshero/mavenrepository/oro/oro/2.0.8/oro-2.0.8.jar
7fe2a43ed000-7fe2a43f6000 r--s 000a4000 08:03 1310754                    /home/areshero/mavenrepository/hsqldb/hsqldb/1.8.0.10/hsqldb-1.8.0.10.jar
7fe2a43f6000-7fe2a43fb000 r--s 0004a000 08:03 1180687                    /home/areshero/mavenrepository/net/java/dev/jets3t/jets3t/0.6.1/jets3t-0.6.1.jar
7fe2a43fb000-7fe2a43fe000 r--s 00019000 08:03 1180685                    /home/areshero/mavenrepository/commons-el/commons-el/1.0/commons-el-1.0.jar
7fe2a43fe000-7fe2a440d000 r--s 000ee000 08:03 1180683                    /home/areshero/mavenrepository/ant/ant/1.6.5/ant-1.6.5.jar
7fe2a440d000-7fe2a441e000 r--s 000ea000 08:03 1180682                    /home/areshero/mavenrepository/org/mortbay/jetty/jsp-2.1/6.1.14/jsp-2.1-6.1.14.jar
7fe2a441e000-7fe2a4421000 r--s 0001e000 08:03 1180676                    /home/areshero/mavenrepository/org/mortbay/jetty/servlet-api-2.5/6.1.14/servlet-api-2.5-6.1.14.jar
7fe2a4421000-7fe2a4424000 r--s 0001e000 08:03 1180675                    /home/areshero/mavenrepository/org/mortbay/jetty/jsp-api-2.1/6.1.14/jsp-api-2.1-6.1.14.jar
7fe2a4424000-7fe2a4429000 r--s 0005e000 08:03 1180673                    /home/areshero/mavenrepository/tomcat/jasper-compiler/5.5.12/jasper-compiler-5.5.12.jar
7fe2a4429000-7fe2a442b000 r--s 00011000 08:03 1180671                    /home/areshero/mavenrepository/tomcat/jasper-runtime/5.5.12/jasper-runtime-5.5.12.jar
7fe2a442b000-7fe2a442f000 r--s 00028000 08:03 1180669                    /home/areshero/mavenrepository/org/mortbay/jetty/jetty-util/6.1.26/jetty-util-6.1.26.jar
7fe2a442f000-7fe2a4431000 r--s 0001f000 08:03 1180665                    /home/areshero/mavenrepository/org/mortbay/jetty/servlet-api/2.5-20081211/servlet-api-2.5-20081211.jar
7fe2a4431000-7fe2a4438000 r--s 0007d000 08:03 1180663                    /home/areshero/mavenrepository/org/mortbay/jetty/jetty/6.1.26/jetty-6.1.26.jar
7fe2a4438000-7fe2a443d000 r--s 00028000 08:03 1180661                    /home/areshero/mavenrepository/commons-net/commons-net/1.4.1/commons-net-1.4.1.jar
7fe2a443d000-7fe2a4441000 r--s 0002f000 08:03 1051114                    /home/areshero/mavenrepository/commons-beanutils/commons-beanutils-core/1.8.0/commons-beanutils-core-1.8.0.jar
7fe2a4441000-7fe2a4446000 r--s 0002a000 08:03 1051112                    /home/areshero/mavenrepository/commons-beanutils/commons-beanutils/1.7.0/commons-beanutils-1.7.0.jar
7fe2a4446000-7fe2a444a000 r--s 00020000 08:03 1051110                    /home/areshero/mavenrepository/commons-digester/commons-digester/1.8/commons-digester-1.8.jar
7fe2a444a000-7fe2a444e000 r--s 0003c000 08:03 1051109                    /home/areshero/mavenrepository/commons-lang/commons-lang/2.4/commons-lang-2.4.jar
7fe2a444e000-7fe2a445c000 r--s 0007f000 08:03 920925                     /home/areshero/mavenrepository/commons-collections/commons-collections/3.2.1/commons-collections-3.2.1.jar
7fe2a445c000-7fe2a4462000 r--s 00043000 08:03 920923                     /home/areshero/mavenrepository/commons-configuration/commons-configuration/1.6/commons-configuration-1.6.jar
7fe2a4462000-7fe2a4473000 r--s 000bb000 08:03 920919                     /home/areshero/mavenrepository/org/apache/commons/commons-math/2.1/commons-math-2.1.jar
7fe2a4473000-7fe2a4475000 r--s 0000d000 08:03 920917                     /home/areshero/mavenrepository/commons-codec/commons-codec/1.4/commons-codec-1.4.jar
7fe2a4475000-7fe2a447a000 r--s 00040000 08:03 920915                     /home/areshero/mavenrepository/commons-httpclient/commons-httpclient/3.0.1/commons-httpclient-3.0.1.jar
7fe2a447a000-7fe2a447d000 r--s 00025000 08:03 920914                     /home/areshero/mavenrepository/commons-io/commons-io/2.1/commons-io-2.1.jar
7fe2a447d000-7fe2a447e000 r--s 0000a000 08:03 920911                     /home/areshero/mavenrepository/asm/asm/3.1/asm-3.1.jar
7fe2a447e000-7fe2a448f000 r--s 00099000 08:03 920910                     /home/areshero/mavenrepository/com/sun/jersey/jersey-server/1.8/jersey-server-1.8.jar
7fe2a448f000-7fe2a4490000 r--s 00007000 08:03 795204                     /home/areshero/mavenrepository/org/codehaus/jackson/jackson-xc/1.7.1/jackson-xc-1.7.1.jar
7fe2a4490000-7fe2a4492000 r--s 00003000 08:03 795202                     /home/areshero/mavenrepository/org/codehaus/jackson/jackson-jaxrs/1.7.1/jackson-jaxrs-1.7.1.jar
7fe2a4492000-7fe2a4496000 r--s 0002f000 08:03 795200                     /home/areshero/mavenrepository/org/codehaus/jackson/jackson-core-asl/1.7.1/jackson-core-asl-1.7.1.jar
7fe2a4496000-7fe2a4498000 r--s 0000e000 08:03 795188                     /home/areshero/mavenrepository/javax/activation/activation/1.1/activation-1.1.jar
7fe2a4498000-7fe2a449a000 r--s 00004000 08:03 795186                     /home/areshero/mavenrepository/javax/xml/stream/stax-api/1.0-2/stax-api-1.0-2.jar
7fe2a449a000-7fe2a449d000 r--s 00017000 08:03 795153                     /home/areshero/mavenrepository/javax/xml/bind/jaxb-api/2.2.2/jaxb-api-2.2.2.jar
7fe2a449d000-7fe2a44b0000 r--s 000c7000 08:03 795133                     /home/areshero/mavenrepository/com/sun/xml/bind/jaxb-impl/2.2.3-1/jaxb-impl-2.2.3-1.jar
7fe2a44b0000-7fe2a44b2000 r--s 00005000 08:03 795124                     /home/areshero/mavenrepository/stax/stax-api/1.0.1/stax-api-1.0.1.jar
7fe2a44b2000-7fe2a44b4000 r--s 0000f000 08:03 795047                     /home/areshero/mavenrepository/org/codehaus/jettison/jettison/1.1/jettison-1.1.jar
7fe2a44b4000-7fe2a44b8000 r--s 00021000 08:03 794980                     /home/areshero/mavenrepository/com/sun/jersey/jersey-json/1.8/jersey-json-1.8.jar
7fe2a44b8000-7fe2a44c2000 r--s 00066000 08:03 794978                     /home/areshero/mavenrepository/com/sun/jersey/jersey-core/1.8/jersey-core-1.8.jar
7fe2a44c2000-7fe2a44c3000 r--s 00003000 08:03 794976                     /home/areshero/mavenrepository/xmlenc/xmlenc/0.52/xmlenc-0.52.jar
7fe2a44c3000-7fe2a44c5000 r--s 00009000 08:03 794966                     /home/areshero/mavenrepository/commons-cli/commons-cli/1.2/commons-cli-1.2.jar
7fe2a44c5000-7fe2a44c8000 ---p 00000000 00:00 0 
7fe2a44c8000-7fe2a45c6000 rw-p 00000000 00:00 0                          [stack:26113]
7fe2a45c6000-7fe2a4600000 r--s 003c9000 08:03 794964                     /home/areshero/mavenrepository/org/apache/hadoop/hadoop-core/1.2.1/hadoop-core-1.2.1.jar
7fe2a4600000-7fe2a460e000 r--s 00099000 08:03 794306                     /home/areshero/mavenrepository/org/apache/logging/log4j/log4j-core/2.0-beta9/log4j-core-2.0-beta9.jar
7fe2a460e000-7fe2a4611000 r--s 00018000 08:03 794304                     /home/areshero/mavenrepository/org/apache/logging/log4j/log4j-api/2.0-beta9/log4j-api-2.0-beta9.jar
7fe2a4611000-7fe2a4619000 r--s 000cd000 08:03 794305                     /home/areshero/mavenrepository/mysql/mysql-connector-java/5.1.27/mysql-connector-java-5.1.27.jar
7fe2a4619000-7fe2a4656000 r--s 0024f000 08:03 1713437                    /home/areshero/areshero-document-manager/adm-gitrepository/adm/lib/poi-bin-3.10-FINAL /ooxml-lib/xmlbeans-2.3.0.jar
7fe2a4656000-7fe2a4666000 r--s 0011f000 08:03 1713443                    /home/areshero/areshero-document-manager/adm-gitrepository/adm/lib/poi-bin-3.10-FINAL /poi-scratchpad-3.10-FINAL-20140208.jar
7fe2a4666000-7fe2a46fe000 r--s 00420000 08:03 1713442                    /home/areshero/areshero-document-manager/adm-gitrepository/adm/lib/poi-bin-3.10-FINAL /poi-ooxml-schemas-3.10-FINAL-20140208.jar
7fe2a46fe000-7fe2a4720000 r--s 001bb000 08:03 1713438                    /home/areshero/areshero-document-manager/adm-gitrepository/adm/lib/poi-bin-3.10-FINAL /poi-3.10-FINAL-20140208.jar
7fe2a4720000-7fe2a474b000 r--s 002d7000 08:03 1845758                    /home/areshero/areshero-document-manager/adm-gitrepository/adm/lib/stanford-ner-2014-01-04/stanford-ner.jar
7fe2a474b000-7fe2a476a000 r--s 003bf000 08:03 1844312                    /home/areshero/areshero-document-manager/adm-gitrepository/adm/lib/stanford-ner-2014-01-04/stanford-ner-3.3.1-javadoc.jar
7fe2a476a000-7fe2a4795000 r--s 002d7000 08:03 1844313                    /home/areshero/areshero-document-manager/adm-gitrepository/adm/lib/stanford-ner-2014-01-04/stanford-ner-2014-01-04.jar
7fe2a4795000-7fe2a47c6000 rw-p 00000000 00:00 0 
7fe2a47c6000-7fe2a47dc000 r-xp 00000000 08:03 1185896                    /home/areshero/java/jdk1.7.0_51/jre/lib/amd64/libnet.so
7fe2a47dc000-7fe2a49dc000 ---p 00016000 08:03 1185896                    /home/areshero/java/jdk1.7.0_51/jre/lib/amd64/libnet.so
7fe2a49dc000-7fe2a49dd000 rw-p 00016000 08:03 1185896                    /home/areshero/java/jdk1.7.0_51/jre/lib/amd64/libnet.so
7fe2a49dd000-7fe2a49de000 ---p 00000000 00:00 0 
7fe2a49de000-7fe2a4ade000 rw-p 00000000 00:00 0                          [stack:26090]
7fe2a4ade000-7fe2a4ae1000 ---p 00000000 00:00 0 
7fe2a4ae1000-7fe2a4bdf000 rw-p 00000000 00:00 0                          [stack:26089]
7fe2a4bdf000-7fe2a4be2000 ---p 00000000 00:00 0 
7fe2a4be2000-7fe2a4ce0000 rw-p 00000000 00:00 0                          [stack:26088]
7fe2a4ce0000-7fe2a4ce3000 ---p 00000000 00:00 0 
7fe2a4ce3000-7fe2a4de1000 rw-p 00000000 00:00 0                          [stack:26087]
7fe2a4de1000-7fe2a4de4000 ---p 00000000 00:00 0 
7fe2a4de4000-7fe2a4ee2000 rw-p 00000000 00:00 0                          [stack:26086]
7fe2a4ee2000-7fe2a55c4000 r--p 00000000 08:03 4857701                    /usr/lib/locale/locale-archive
7fe2a55c4000-7fe2a55c7000 ---p 00000000 00:00 0 
7fe2a55c7000-7fe2a56c5000 rw-p 00000000 00:00 0                          [stack:26085]
7fe2a56c5000-7fe2a56c8000 ---p 00000000 00:00 0 
7fe2a56c8000-7fe2a57c6000 rw-p 00000000 00:00 0                          [stack:26084]
7fe2a57c6000-7fe2a57c7000 ---p 00000000 00:00 0 
7fe2a57c7000-7fe2a8000000 rw-p 00000000 00:00 0                          [stack:26083]
7fe2a8000000-7fe2a8021000 rw-p 00000000 00:00 0 
7fe2a8021000-7fe2ac000000 ---p 00000000 00:00 0 
7fe2ac000000-7fe2ac005000 r--s 00048000 08:03 1713435                    /home/areshero/areshero-document-manager/adm-gitrepository/adm/lib/poi-bin-3.10-FINAL /ooxml-lib/dom4j-1.6.1.jar
7fe2ac005000-7fe2ac870000 rw-p 00000000 00:00 0 
7fe2ac870000-7fe2aca2d000 r--s 039bf000 08:03 1185943                    /home/areshero/java/jdk1.7.0_51/jre/lib/rt.jar
7fe2aca2d000-7fe2accfd000 rw-p 00000000 00:00 0 
7fe2accfd000-7fe2accfe000 ---p 00000000 00:00 0 
7fe2accfe000-7fe2acdfe000 rw-p 00000000 00:00 0                          [stack:26082]
7fe2acdfe000-7fe2acdff000 ---p 00000000 00:00 0 
7fe2acdff000-7fe2aceff000 rw-p 00000000 00:00 0                          [stack:26081]
7fe2aceff000-7fe2acf00000 ---p 00000000 00:00 0 
7fe2acf00000-7fe2ad000000 rw-p 00000000 00:00 0                          [stack:26080]
7fe2ad000000-7fe2ad270000 rwxp 00000000 00:00 0 
7fe2ad270000-7fe2b0165000 rw-p 00000000 00:00 0 
7fe2b0165000-7fe2b4000000 ---p 00000000 00:00 0 
7fe2b4000000-7fe2b400e000 r--s 000ee000 08:03 1713441                    /home/areshero/areshero-document-manager/adm-gitrepository/adm/lib/poi-bin-3.10-FINAL /poi-ooxml-3.10-FINAL-20140208.jar
7fe2b400e000-7fe2b4081000 rw-p 00000000 00:00 0 
7fe2b4081000-7fe2b4082000 ---p 00000000 00:00 0 
7fe2b4082000-7fe2b418f000 rw-p 00000000 00:00 0                          [stack:26079]
7fe2b418f000-7fe2b41ab000 rw-p 00000000 00:00 0 
7fe2b41ab000-7fe2b42af000 rw-p 00000000 00:00 0 
7fe2b42af000-7fe2b42e5000 ---p 00000000 00:00 0 
7fe2b42e5000-7fe2b42f2000 rw-p 00000000 00:00 0 
7fe2b42f2000-7fe2b430e000 rw-p 00000000 00:00 0 
7fe2b430e000-7fe2b4412000 rw-p 00000000 00:00 0 
7fe2b4412000-7fe2b4447000 ---p 00000000 00:00 0 
7fe2b4447000-7fe2b44ac000 rw-p 00000000 00:00 0 
7fe2b44ac000-7fe2b44ae000 ---p 00000000 00:00 0 
7fe2b44ae000-7fe2b44e4000 rw-p 00000000 00:00 0 
7fe2b44e4000-7fe2b44e5000 rw-p 00000000 00:00 0 
7fe2b44e5000-7fe2b44ff000 r-xp 00000000 08:03 1185933                    /home/areshero/java/jdk1.7.0_51/jre/lib/amd64/libzip.so
7fe2b44ff000-7fe2b46ff000 ---p 0001a000 08:03 1185933                    /home/areshero/java/jdk1.7.0_51/jre/lib/amd64/libzip.so
7fe2b46ff000-7fe2b4700000 rw-p 0001a000 08:03 1185933                    /home/areshero/java/jdk1.7.0_51/jre/lib/amd64/libzip.so
7fe2b4700000-7fe2b470c000 r-xp 00000000 08:03 3676448                    /lib/x86_64-linux-gnu/libnss_files-2.17.so
7fe2b470c000-7fe2b490b000 ---p 0000c000 08:03 3676448                    /lib/x86_64-linux-gnu/libnss_files-2.17.so
7fe2b490b000-7fe2b490c000 r--p 0000b000 08:03 3676448                    /lib/x86_64-linux-gnu/libnss_files-2.17.so
7fe2b490c000-7fe2b490d000 rw-p 0000c000 08:03 3676448                    /lib/x86_64-linux-gnu/libnss_files-2.17.so
7fe2b490d000-7fe2b4918000 r-xp 00000000 08:03 3676452                    /lib/x86_64-linux-gnu/libnss_nis-2.17.so
7fe2b4918000-7fe2b4b17000 ---p 0000b000 08:03 3676452                    /lib/x86_64-linux-gnu/libnss_nis-2.17.so
7fe2b4b17000-7fe2b4b18000 r--p 0000a000 08:03 3676452                    /lib/x86_64-linux-gnu/libnss_nis-2.17.so
7fe2b4b18000-7fe2b4b19000 rw-p 0000b000 08:03 3676452                    /lib/x86_64-linux-gnu/libnss_nis-2.17.so
7fe2b4b19000-7fe2b4b30000 r-xp 00000000 08:03 3676442                    /lib/x86_64-linux-gnu/libnsl-2.17.so
7fe2b4b30000-7fe2b4d2f000 ---p 00017000 08:03 3676442                    /lib/x86_64-linux-gnu/libnsl-2.17.so
7fe2b4d2f000-7fe2b4d30000 r--p 00016000 08:03 3676442                    /lib/x86_64-linux-gnu/libnsl-2.17.so
7fe2b4d30000-7fe2b4d31000 rw-p 00017000 08:03 3676442                    /lib/x86_64-linux-gnu/libnsl-2.17.so
7fe2b4d31000-7fe2b4d33000 rw-p 00000000 00:00 0 
7fe2b4d33000-7fe2b4d3b000 r-xp 00000000 08:03 3676444                    /lib/x86_64-linux-gnu/libnss_compat-2.17.so
7fe2b4d3b000-7fe2b4f3a000 ---p 00008000 08:03 3676444                    /lib/x86_64-linux-gnu/libnss_compat-2.17.so
7fe2b4f3a000-7fe2b4f3b000 r--p 00007000 08:03 3676444                    /lib/x86_64-linux-gnu/libnss_compat-2.17.so
7fe2b4f3b000-7fe2b4f3c000 rw-p 00008000 08:03 3676444                    /lib/x86_64-linux-gnu/libnss_compat-2.17.so
7fe2b4f3c000-7fe2b4f65000 r-xp 00000000 08:03 1185923                    /home/areshero/java/jdk1.7.0_51/jre/lib/amd64/libjava.so
7fe2b4f65000-7fe2b5165000 ---p 00029000 08:03 1185923                    /home/areshero/java/jdk1.7.0_51/jre/lib/amd64/libjava.so
7fe2b5165000-7fe2b5167000 rw-p 00029000 08:03 1185923                    /home/areshero/java/jdk1.7.0_51/jre/lib/amd64/libjava.so
7fe2b5167000-7fe2b5174000 r-xp 00000000 08:03 1185921                    /home/areshero/java/jdk1.7.0_51/jre/lib/amd64/libverify.so
7fe2b5174000-7fe2b5373000 ---p 0000d000 08:03 1185921                    /home/areshero/java/jdk1.7.0_51/jre/lib/amd64/libverify.so
7fe2b5373000-7fe2b5375000 rw-p 0000c000 08:03 1185921                    /home/areshero/java/jdk1.7.0_51/jre/lib/amd64/libverify.so
7fe2b5375000-7fe2b537c000 r-xp 00000000 08:03 3676495                    /lib/x86_64-linux-gnu/librt-2.17.so
7fe2b537c000-7fe2b557b000 ---p 00007000 08:03 3676495                    /lib/x86_64-linux-gnu/librt-2.17.so
7fe2b557b000-7fe2b557c000 r--p 00006000 08:03 3676495                    /lib/x86_64-linux-gnu/librt-2.17.so
7fe2b557c000-7fe2b557d000 rw-p 00007000 08:03 3676495                    /lib/x86_64-linux-gnu/librt-2.17.so
7fe2b557d000-7fe2b5680000 r-xp 00000000 08:03 3676423                    /lib/x86_64-linux-gnu/libm-2.17.so
7fe2b5680000-7fe2b587f000 ---p 00103000 08:03 3676423                    /lib/x86_64-linux-gnu/libm-2.17.so
7fe2b587f000-7fe2b5880000 r--p 00102000 08:03 3676423                    /lib/x86_64-linux-gnu/libm-2.17.so
7fe2b5880000-7fe2b5881000 rw-p 00103000 08:03 3676423                    /lib/x86_64-linux-gnu/libm-2.17.so
7fe2b5881000-7fe2b63e3000 r-xp 00000000 08:03 1844085                    /home/areshero/java/jdk1.7.0_51/jre/lib/amd64/server/libjvm.so
7fe2b63e3000-7fe2b65e3000 ---p 00b62000 08:03 1844085                    /home/areshero/java/jdk1.7.0_51/jre/lib/amd64/server/libjvm.so
7fe2b65e3000-7fe2b66a6000 rw-p 00b62000 08:03 1844085                    /home/areshero/java/jdk1.7.0_51/jre/lib/amd64/server/libjvm.so
7fe2b66a6000-7fe2b66e7000 rw-p 00000000 00:00 0 
7fe2b66e7000-7fe2b68a4000 r-xp 00000000 08:03 3676372                    /lib/x86_64-linux-gnu/libc-2.17.so
7fe2b68a4000-7fe2b6aa4000 ---p 001bd000 08:03 3676372                    /lib/x86_64-linux-gnu/libc-2.17.so
7fe2b6aa4000-7fe2b6aa8000 r--p 001bd000 08:03 3676372                    /lib/x86_64-linux-gnu/libc-2.17.so
7fe2b6aa8000-7fe2b6aaa000 rw-p 001c1000 08:03 3676372                    /lib/x86_64-linux-gnu/libc-2.17.so
7fe2b6aaa000-7fe2b6aaf000 rw-p 00000000 00:00 0 
7fe2b6aaf000-7fe2b6ab2000 r-xp 00000000 08:03 3676387                    /lib/x86_64-linux-gnu/libdl-2.17.so
7fe2b6ab2000-7fe2b6cb1000 ---p 00003000 08:03 3676387                    /lib/x86_64-linux-gnu/libdl-2.17.so
7fe2b6cb1000-7fe2b6cb2000 r--p 00002000 08:03 3676387                    /lib/x86_64-linux-gnu/libdl-2.17.so
7fe2b6cb2000-7fe2b6cb3000 rw-p 00003000 08:03 3676387                    /lib/x86_64-linux-gnu/libdl-2.17.so
7fe2b6cb3000-7fe2b6cc9000 r-xp 00000000 08:03 922521                     /home/areshero/java/jdk1.7.0_51/lib/amd64/jli/libjli.so
7fe2b6cc9000-7fe2b6ec9000 ---p 00016000 08:03 922521                     /home/areshero/java/jdk1.7.0_51/lib/amd64/jli/libjli.so
7fe2b6ec9000-7fe2b6eca000 rw-p 00016000 08:03 922521                     /home/areshero/java/jdk1.7.0_51/lib/amd64/jli/libjli.so
7fe2b6eca000-7fe2b6ee1000 r-xp 00000000 08:03 3676487                    /lib/x86_64-linux-gnu/libpthread-2.17.so
7fe2b6ee1000-7fe2b70e1000 ---p 00017000 08:03 3676487                    /lib/x86_64-linux-gnu/libpthread-2.17.so
7fe2b70e1000-7fe2b70e2000 r--p 00017000 08:03 3676487                    /lib/x86_64-linux-gnu/libpthread-2.17.so
7fe2b70e2000-7fe2b70e3000 rw-p 00018000 08:03 3676487                    /lib/x86_64-linux-gnu/libpthread-2.17.so
7fe2b70e3000-7fe2b70e7000 rw-p 00000000 00:00 0 
7fe2b70e7000-7fe2b710a000 r-xp 00000000 08:03 3676348                    /lib/x86_64-linux-gnu/ld-2.17.so
7fe2b710a000-7fe2b7118000 r--s 001e9000 08:03 1844307                    /home/areshero/areshero-document-manager/adm-gitrepository/adm/lib/stanford-ner-2014-01-04/stanford-ner-3.3.1-sources.jar
7fe2b7118000-7fe2b7136000 rw-p 00000000 00:00 0 
7fe2b7136000-7fe2b71ec000 rw-p 00000000 00:00 0 
7fe2b71ec000-7fe2b71ef000 ---p 00000000 00:00 0 
7fe2b71ef000-7fe2b72f1000 rw-p 00000000 00:00 0                          [stack:26075]
7fe2b72f1000-7fe2b72f3000 r--s 0000d000 08:03 794161                     /home/areshero/mavenrepository/commons-logging/commons-logging/1.1.1/commons-logging-1.1.1.jar
7fe2b72f3000-7fe2b72f5000 r--s 00005000 08:03 1713436                    /home/areshero/areshero-document-manager/adm-gitrepository/adm/lib/poi-bin-3.10-FINAL /ooxml-lib/stax-api-1.0.1.jar
7fe2b72f5000-7fe2b72f7000 r--s 00006000 08:03 1713440                    /home/areshero/areshero-document-manager/adm-gitrepository/adm/lib/poi-bin-3.10-FINAL /poi-excelant-3.10-FINAL-20140208.jar
7fe2b72f7000-7fe2b72fd000 r--s 00047000 08:03 1713439                    /home/areshero/areshero-document-manager/adm-gitrepository/adm/lib/poi-bin-3.10-FINAL /poi-examples-3.10-FINAL-20140208.jar
7fe2b72fd000-7fe2b7305000 rw-s 00000000 08:03 3152369                    /tmp/hsperfdata_areshero/26073
7fe2b7305000-7fe2b7306000 rw-p 00000000 00:00 0 
7fe2b7306000-7fe2b7307000 r--p 00000000 00:00 0 
7fe2b7307000-7fe2b7309000 rw-p 00000000 00:00 0 
7fe2b7309000-7fe2b730a000 r--p 00022000 08:03 3676348                    /lib/x86_64-linux-gnu/ld-2.17.so
7fe2b730a000-7fe2b730c000 rw-p 00023000 08:03 3676348                    /lib/x86_64-linux-gnu/ld-2.17.so
7fff9787a000-7fff9789c000 rw-p 00000000 00:00 0                          [stack]
7fff978e8000-7fff978ea000 r-xp 00000000 00:00 0                          [vdso]
ffffffffff600000-ffffffffff601000 r-xp 00000000 00:00 0                  [vsyscall]

VM Arguments:
jvm_args: -Dfile.encoding=UTF-8 
java_command: com.adm.common.daemon.DaemonScheduler
Launcher Type: SUN_STANDARD

Environment Variables:
JAVA_HOME=/home/areshero/java/jdk1.7.0_51
CLASSPATH=.:/home/areshero/java/jdk1.7.0_51/lib/dt.jar:/home/areshero/java/jdk1.7.0_51/lib/tools.jar
PATH=/home/areshero/java/jdk1.7.0_51/bin:/usr/lib/lightdm/lightdm:/usr/local/sbin:/usr/local/bin:/usr/sbin:/usr/bin:/sbin:/bin:/usr/games:/usr/local/games
SHELL=/bin/bash
DISPLAY=:0

Signal Handlers:
SIGSEGV: [libjvm.so+0x993870], sa_mask[0]=0x7ffbfeff, sa_flags=0x10000004
SIGBUS: [libjvm.so+0x993870], sa_mask[0]=0x7ffbfeff, sa_flags=0x10000004
SIGFPE: [libjvm.so+0x8105b0], sa_mask[0]=0x7ffbfeff, sa_flags=0x10000004
SIGPIPE: [libjvm.so+0x8105b0], sa_mask[0]=0x7ffbfeff, sa_flags=0x10000004
SIGXFSZ: [libjvm.so+0x8105b0], sa_mask[0]=0x7ffbfeff, sa_flags=0x10000004
SIGILL: [libjvm.so+0x8105b0], sa_mask[0]=0x7ffbfeff, sa_flags=0x10000004
SIGUSR1: SIG_DFL, sa_mask[0]=0x00000000, sa_flags=0x00000000
SIGUSR2: [libjvm.so+0x811aa0], sa_mask[0]=0x00000004, sa_flags=0x10000004
SIGHUP: [libjvm.so+0x812a10], sa_mask[0]=0x7ffbfeff, sa_flags=0x10000004
SIGINT: [libjvm.so+0x812a10], sa_mask[0]=0x7ffbfeff, sa_flags=0x10000004
SIGTERM: [libjvm.so+0x812a10], sa_mask[0]=0x7ffbfeff, sa_flags=0x10000004
SIGQUIT: [libjvm.so+0x812a10], sa_mask[0]=0x7ffbfeff, sa_flags=0x10000004


---------------  S Y S T E M  ---------------

OS:wheezy/sid

uname:Linux 3.11.0-18-generic #32-Ubuntu SMP Tue Feb 18 21:11:14 UTC 2014 x86_64
libc:glibc 2.17 NPTL 2.17 
rlimit: STACK 8192k, CORE 0k, NPROC 29861, NOFILE 4096, AS infinity
load average:1.35 1.06 0.90

/proc/meminfo:
MemTotal:        3842492 kB
MemFree:          105108 kB
Buffers:             656 kB
Cached:           629416 kB
SwapCached:            0 kB
Active:          2969356 kB
Inactive:         603576 kB
Active(anon):    2945628 kB
Inactive(anon):   574980 kB
Active(file):      23728 kB
Inactive(file):    28596 kB
Unevictable:          32 kB
Mlocked:              32 kB
SwapTotal:             0 kB
SwapFree:              0 kB
Dirty:                 0 kB
Writeback:           208 kB
AnonPages:       2943004 kB
Mapped:           155068 kB
Shmem:            577672 kB
Slab:              72128 kB
SReclaimable:      34784 kB
SUnreclaim:        37344 kB
KernelStack:        5608 kB
PageTables:        37748 kB
NFS_Unstable:          0 kB
Bounce:                0 kB
WritebackTmp:          0 kB
CommitLimit:     1921244 kB
Committed_AS:    7314804 kB
VmallocTotal:   34359738367 kB
VmallocUsed:      597560 kB
VmallocChunk:   34359134684 kB
HardwareCorrupted:     0 kB
AnonHugePages:         0 kB
HugePages_Total:       0
HugePages_Free:        0
HugePages_Rsvd:        0
HugePages_Surp:        0
Hugepagesize:       2048 kB
DirectMap4k:       60272 kB
DirectMap2M:     3926016 kB


CPU:total 4 (2 cores per cpu, 2 threads per core) family 6 model 37 stepping 5, cmov, cx8, fxsr, mmx, sse, sse2, sse3, ssse3, sse4.1, sse4.2, popcnt, ht, tsc, tscinvbit

/proc/cpuinfo:
processor	: 0
vendor_id	: GenuineIntel
cpu family	: 6
model		: 37
model name	: Intel(R) Core(TM) i5 CPU       M 480  @ 2.67GHz
stepping	: 5
microcode	: 0x2
cpu MHz		: 1599.000
cache size	: 3072 KB
physical id	: 0
siblings	: 4
core id		: 0
cpu cores	: 2
apicid		: 0
initial apicid	: 0
fpu		: yes
fpu_exception	: yes
cpuid level	: 11
wp		: yes
flags		: fpu vme de pse tsc msr pae mce cx8 apic sep mtrr pge mca cmov pat pse36 clflush dts acpi mmx fxsr sse sse2 ss ht tm pbe syscall nx rdtscp lm constant_tsc arch_perfmon pebs bts rep_good nopl xtopology nonstop_tsc aperfmperf pni dtes64 monitor ds_cpl vmx est tm2 ssse3 cx16 xtpr pdcm pcid sse4_1 sse4_2 popcnt lahf_lm ida arat dtherm tpr_shadow vnmi flexpriority ept vpid
bogomips	: 5319.65
clflush size	: 64
cache_alignment	: 64
address sizes	: 36 bits physical, 48 bits virtual
power management:

processor	: 1
vendor_id	: GenuineIntel
cpu family	: 6
model		: 37
model name	: Intel(R) Core(TM) i5 CPU       M 480  @ 2.67GHz
stepping	: 5
microcode	: 0x2
cpu MHz		: 2667.000
cache size	: 3072 KB
physical id	: 0
siblings	: 4
core id		: 2
cpu cores	: 2
apicid		: 4
initial apicid	: 4
fpu		: yes
fpu_exception	: yes
cpuid level	: 11
wp		: yes
flags		: fpu vme de pse tsc msr pae mce cx8 apic sep mtrr pge mca cmov pat pse36 clflush dts acpi mmx fxsr sse sse2 ss ht tm pbe syscall nx rdtscp lm constant_tsc arch_perfmon pebs bts rep_good nopl xtopology nonstop_tsc aperfmperf pni dtes64 monitor ds_cpl vmx est tm2 ssse3 cx16 xtpr pdcm pcid sse4_1 sse4_2 popcnt lahf_lm ida arat dtherm tpr_shadow vnmi flexpriority ept vpid
bogomips	: 5319.65
clflush size	: 64
cache_alignment	: 64
address sizes	: 36 bits physical, 48 bits virtual
power management:

processor	: 2
vendor_id	: GenuineIntel
cpu family	: 6
model		: 37
model name	: Intel(R) Core(TM) i5 CPU       M 480  @ 2.67GHz
stepping	: 5
microcode	: 0x2
cpu MHz		: 1199.000
cache size	: 3072 KB
physical id	: 0
siblings	: 4
core id		: 0
cpu cores	: 2
apicid		: 1
initial apicid	: 1
fpu		: yes
fpu_exception	: yes
cpuid level	: 11
wp		: yes
flags		: fpu vme de pse tsc msr pae mce cx8 apic sep mtrr pge mca cmov pat pse36 clflush dts acpi mmx fxsr sse sse2 ss ht tm pbe syscall nx rdtscp lm constant_tsc arch_perfmon pebs bts rep_good nopl xtopology nonstop_tsc aperfmperf pni dtes64 monitor ds_cpl vmx est tm2 ssse3 cx16 xtpr pdcm pcid sse4_1 sse4_2 popcnt lahf_lm ida arat dtherm tpr_shadow vnmi flexpriority ept vpid
bogomips	: 5319.65
clflush size	: 64
cache_alignment	: 64
address sizes	: 36 bits physical, 48 bits virtual
power management:

processor	: 3
vendor_id	: GenuineIntel
cpu family	: 6
model		: 37
model name	: Intel(R) Core(TM) i5 CPU       M 480  @ 2.67GHz
stepping	: 5
microcode	: 0x2
cpu MHz		: 1199.000
cache size	: 3072 KB
physical id	: 0
siblings	: 4
core id		: 2
cpu cores	: 2
apicid		: 5
initial apicid	: 5
fpu		: yes
fpu_exception	: yes
cpuid level	: 11
wp		: yes
flags		: fpu vme de pse tsc msr pae mce cx8 apic sep mtrr pge mca cmov pat pse36 clflush dts acpi mmx fxsr sse sse2 ss ht tm pbe syscall nx rdtscp lm constant_tsc arch_perfmon pebs bts rep_good nopl xtopology nonstop_tsc aperfmperf pni dtes64 monitor ds_cpl vmx est tm2 ssse3 cx16 xtpr pdcm pcid sse4_1 sse4_2 popcnt lahf_lm ida arat dtherm tpr_shadow vnmi flexpriority ept vpid
bogomips	: 5319.65
clflush size	: 64
cache_alignment	: 64
address sizes	: 36 bits physical, 48 bits virtual
power management:



Memory: 4k page, physical 3842492k(105108k free), swap 0k(0k free)

vm_info: Java HotSpot(TM) 64-Bit Server VM (24.51-b03) for linux-amd64 JRE (1.7.0_51-b13), built on Dec 18 2013 18:48:01 by "java_re" with gcc 4.3.0 20080428 (Red Hat 4.3.0-8)

time: Tue Mar 11 15:36:08 2014
elapsed time: 8 seconds

